<?xml version="1.0" encoding="UTF-8"?>
<!-- Generated by org.testng.reporters.JUnitReportReporter -->
<testsuite hostname="SweetHome" failures="0" tests="1" name="AmazonEndtoEnd.Project_001.TC_07_ProductDetails" time="32.665" errors="0" timestamp="2024-07-18T10:50:32 EDT" skipped="0">
  <testcase classname="AmazonEndtoEnd.Project_001.TC_07_ProductDetails" name="ensureproductdetails" time="32.665"/>
  <system-out>
    <![CDATA[displaying price
displaying Reviews
displaying productdesscription]]>
  </system-out>
</testsuite> <!-- AmazonEndtoEnd.Project_001.TC_07_ProductDetails -->
