<?xml version="1.0" encoding="UTF-8"?>
<!-- Generated by org.testng.reporters.JUnitReportReporter -->
<testsuite hostname="SweetHome" failures="0" tests="1" name="AmazonEndtoEnd.Project_001.TC_09_AddingItems" time="36.439" errors="0" timestamp="2024-07-18T10:53:15 EDT" skipped="0">
  <testcase classname="AmazonEndtoEnd.Project_001.TC_09_AddingItems" name="addingtoCart" time="36.439"/>
  <system-out>
    <![CDATA[Items are added in the cart]]>
  </system-out>
</testsuite> <!-- AmazonEndtoEnd.Project_001.TC_09_AddingItems -->
