<?xml version="1.0" encoding="UTF-8"?>
<!-- Generated by org.testng.reporters.JUnitReportReporter -->
<testsuite hostname="SweetHome" failures="0" tests="1" name="AmazonEndtoEnd.Project_001.TC_10_UdatingAndRemoveItems" time="13.921" errors="0" timestamp="2024-07-18T19:32:59 EDT" skipped="0">
  <testcase classname="AmazonEndtoEnd.Project_001.TC_10_UdatingAndRemoveItems" name="cartitems" time="13.921"/>
  <system-out>
    <![CDATA[Item was deleted successfully
Tc passed sucessfully]]>
  </system-out>
</testsuite> <!-- AmazonEndtoEnd.Project_001.TC_10_UdatingAndRemoveItems -->
