<?xml version="1.0" encoding="UTF-8"?>
<!-- Generated by org.testng.reporters.JUnitReportReporter -->
<testsuite hostname="SweetHome" failures="0" tests="1" name="AmazonEndtoEnd.Project_001.TC_06_Searchingproduct_Filters" time="26.526" errors="0" timestamp="2024-07-18T10:44:28 EDT" skipped="0">
  <testcase classname="AmazonEndtoEnd.Project_001.TC_06_Searchingproduct_Filters" name="searchingbyFilters" time="26.526"/>
  <system-out>
    <![CDATA[Searching is done successfully by category wise]]>
  </system-out>
</testsuite> <!-- AmazonEndtoEnd.Project_001.TC_06_Searchingproduct_Filters -->
