<?xml version="1.0" encoding="UTF-8"?>
<!-- Generated by org.testng.reporters.JUnitReportReporter -->
<testsuite hostname="SweetHome" failures="0" tests="1" name="AmazonEndtoEnd.Project_001.TC_08_SortingbyPrice_Reviews" time="24.630" errors="0" timestamp="2024-07-18T10:51:57 EDT" skipped="0">
  <testcase classname="AmazonEndtoEnd.Project_001.TC_08_SortingbyPrice_Reviews" name="sortby" time="24.630"/>
  <system-out/>
</testsuite> <!-- AmazonEndtoEnd.Project_001.TC_08_SortingbyPrice_Reviews -->
