<?xml version="1.0" encoding="UTF-8"?>
<!-- Generated by org.testng.reporters.JUnitReportReporter -->
<testsuite hostname="SweetHome" failures="0" tests="1" name="AmazonEndtoEnd.Project_001.TC_08_SortingbyPrice_gender" time="22.201" errors="0" timestamp="2024-07-17T11:46:22 EDT" skipped="0">
  <testcase classname="AmazonEndtoEnd.Project_001.TC_08_SortingbyPrice_gender" name="sortby" time="22.201"/>
  <system-out/>
</testsuite> <!-- AmazonEndtoEnd.Project_001.TC_08_SortingbyPrice_gender -->
