<?xml version="1.0" encoding="UTF-8"?>
<!-- Generated by org.testng.reporters.JUnitReportReporter -->
<testsuite hostname="SweetHome" failures="0" tests="1" name="AmazonEndtoEnd.Project_001.Tc_05_SearchingforShoe" time="21.994" errors="0" timestamp="2024-07-18T10:44:28 EDT" skipped="0">
  <testcase classname="AmazonEndtoEnd.Project_001.Tc_05_SearchingforShoe" name="searchingproduct" time="21.994"/>
  <system-out/>
</testsuite> <!-- AmazonEndtoEnd.Project_001.Tc_05_SearchingforShoe -->
